<?xml version="1.0" encoding="UTF-8"?>
<!-- Generated by org.testng.reporters.JUnitReportReporter -->
<testsuite hostname="Kavis-iMac.local" failures="0" tests="1" name="edurekaAssingment.edureka" time="0.003" errors="0" timestamp="22 Dec 2019 18:33:15 GMT" skipped="0">
  <testcase classname="edurekaAssingment.edureka" name="f" time="0.003"/>
</testsuite> <!-- edurekaAssingment.edureka -->
